/*C12*/SET SCHEMA PUBLIC
DELETE FROM CHROMATOGRAPHIC_OIL_ANALYSIS WHERE ID=1
INSERT INTO CHROMATOGRAPHIC_OIL_ANALYSIS VALUES(1,75,75,587,'2022-03-02 00:00:00.000000',785,7,857,75,1)
COMMIT
DELETE FROM CHROMATOGRAPHIC_OIL_ANALYSIS WHERE ID=1
INSERT INTO CHROMATOGRAPHIC_OIL_ANALYSIS VALUES(1,5,75,75,'2022-05-05 00:00:00.000000',75,8,527,775,1)
COMMIT
INSERT INTO CHROMATOGRAPHIC_OIL_ANALYSIS VALUES(3,85,78,57,'2022-05-05 00:00:00.000000',58,85,7,8,2)
COMMIT
DELETE FROM CHROMATOGRAPHIC_OIL_ANALYSIS WHERE ID=1
INSERT INTO CHROMATOGRAPHIC_OIL_ANALYSIS VALUES(1,58,52,52,'2022-03-05 00:00:00.000000',52,85,54,45,1)
COMMIT
DELETE FROM CHROMATOGRAPHIC_OIL_ANALYSIS WHERE ID=1
INSERT INTO CHROMATOGRAPHIC_OIL_ANALYSIS VALUES(1,4,4,42,'2022-05-03 00:00:00.000000',4,52,42,4,1)
COMMIT
INSERT INTO TRANSFORMERS VALUES(3,'54841','24524','2424')
COMMIT
DELETE FROM CHROMATOGRAPHIC_OIL_ANALYSIS WHERE ID=3
INSERT INTO CHROMATOGRAPHIC_OIL_ANALYSIS VALUES(3,42,42,425,'2022-03-05 00:00:00.000000',42,42,524,42,3)
COMMIT
DELETE FROM CHROMATOGRAPHIC_OIL_ANALYSIS WHERE ID=3
INSERT INTO CHROMATOGRAPHIC_OIL_ANALYSIS VALUES(3,42,24,245,'2022-04-05 00:00:00.000000',4,24,425,452,3)
COMMIT
