2022-08-25 00:01:15,034 INFO com.difirton.transformdiag.starter.TransformdiagApplication [restartedMain] Starting TransformdiagApplication using Java 17.0.4.1 on PC-Home with PID 15864 (C:\Users\Dmitriy Kruglov\dev\Transformdiag\target\classes started by Dmitriy Kruglov in C:\Users\Dmitriy Kruglov\dev\Transformdiag)
2022-08-25 00:01:15,039 DEBUG com.difirton.transformdiag.starter.TransformdiagApplication [restartedMain] Running with Spring Boot v2.7.2, Spring v5.3.22
2022-08-25 00:01:15,039 INFO com.difirton.transformdiag.starter.TransformdiagApplication [restartedMain] No active profile set, falling back to 1 default profile: "default"
2022-08-25 00:01:16,350 DEBUG org.springframework.web.servlet.resource.ResourceUrlEncodingFilter [restartedMain] Filter 'resourceUrlEncodingFilter' configured for use
2022-08-25 00:01:17,466 ERROR org.springframework.orm.jpa.LocalContainerEntityManagerFactoryBean [restartedMain] Failed to initialize JPA EntityManagerFactory: [PersistenceUnit: default] Unable to build Hibernate SessionFactory; nested exception is org.hibernate.loader.MultipleBagFetchException: cannot simultaneously fetch multiple bags: [com.difirton.transformdiag.db.entity.TransformerStatus.gasesOutOfLimit, com.difirton.transformdiag.db.entity.TransformerStatus.defineOilParameterDefects]
2022-08-25 00:01:17,536 ERROR org.springframework.boot.SpringApplication [restartedMain] Application run failed
org.springframework.beans.factory.BeanCreationException: Error creating bean with name 'entityManagerFactory' defined in class path resource [org/springframework/boot/autoconfigure/orm/jpa/HibernateJpaConfiguration.class]: Invocation of init method failed; nested exception is javax.persistence.PersistenceException: [PersistenceUnit: default] Unable to build Hibernate SessionFactory; nested exception is org.hibernate.loader.MultipleBagFetchException: cannot simultaneously fetch multiple bags: [com.difirton.transformdiag.db.entity.TransformerStatus.gasesOutOfLimit, com.difirton.transformdiag.db.entity.TransformerStatus.defineOilParameterDefects]
	at org.springframework.beans.factory.support.AbstractAutowireCapableBeanFactory.initializeBean(AbstractAutowireCapableBeanFactory.java:1804)
	at org.springframework.beans.factory.support.AbstractAutowireCapableBeanFactory.doCreateBean(AbstractAutowireCapableBeanFactory.java:620)
	at org.springframework.beans.factory.support.AbstractAutowireCapableBeanFactory.createBean(AbstractAutowireCapableBeanFactory.java:542)
	at org.springframework.beans.factory.support.AbstractBeanFactory.lambda$doGetBean$0(AbstractBeanFactory.java:335)
	at org.springframework.beans.factory.support.DefaultSingletonBeanRegistry.getSingleton(DefaultSingletonBeanRegistry.java:234)
	at org.springframework.beans.factory.support.AbstractBeanFactory.doGetBean(AbstractBeanFactory.java:333)
	at org.springframework.beans.factory.support.AbstractBeanFactory.getBean(AbstractBeanFactory.java:208)
	at org.springframework.context.support.AbstractApplicationContext.getBean(AbstractApplicationContext.java:1154)
	at org.springframework.context.support.AbstractApplicationContext.finishBeanFactoryInitialization(AbstractApplicationContext.java:908)
	at org.springframework.context.support.AbstractApplicationContext.refresh(AbstractApplicationContext.java:583)
	at org.springframework.boot.web.servlet.context.ServletWebServerApplicationContext.refresh(ServletWebServerApplicationContext.java:147)
	at org.springframework.boot.SpringApplication.refresh(SpringApplication.java:734)
	at org.springframework.boot.SpringApplication.refreshContext(SpringApplication.java:408)
	at org.springframework.boot.SpringApplication.run(SpringApplication.java:308)
	at org.springframework.boot.SpringApplication.run(SpringApplication.java:1306)
	at org.springframework.boot.SpringApplication.run(SpringApplication.java:1295)
	at com.difirton.transformdiag.starter.TransformdiagApplication.main(TransformdiagApplication.java:16)
	at java.base/jdk.internal.reflect.NativeMethodAccessorImpl.invoke0(Native Method)
	at java.base/jdk.internal.reflect.NativeMethodAccessorImpl.invoke(NativeMethodAccessorImpl.java:77)
	at java.base/jdk.internal.reflect.DelegatingMethodAccessorImpl.invoke(DelegatingMethodAccessorImpl.java:43)
	at java.base/java.lang.reflect.Method.invoke(Method.java:568)
	at org.springframework.boot.devtools.restart.RestartLauncher.run(RestartLauncher.java:49)
Caused by: javax.persistence.PersistenceException: [PersistenceUnit: default] Unable to build Hibernate SessionFactory; nested exception is org.hibernate.loader.MultipleBagFetchException: cannot simultaneously fetch multiple bags: [com.difirton.transformdiag.db.entity.TransformerStatus.gasesOutOfLimit, com.difirton.transformdiag.db.entity.TransformerStatus.defineOilParameterDefects]
	at org.springframework.orm.jpa.AbstractEntityManagerFactoryBean.buildNativeEntityManagerFactory(AbstractEntityManagerFactoryBean.java:421)
	at org.springframework.orm.jpa.AbstractEntityManagerFactoryBean.afterPropertiesSet(AbstractEntityManagerFactoryBean.java:396)
	at org.springframework.orm.jpa.LocalContainerEntityManagerFactoryBean.afterPropertiesSet(LocalContainerEntityManagerFactoryBean.java:341)
	at org.springframework.beans.factory.support.AbstractAutowireCapableBeanFactory.invokeInitMethods(AbstractAutowireCapableBeanFactory.java:1863)
	at org.springframework.beans.factory.support.AbstractAutowireCapableBeanFactory.initializeBean(AbstractAutowireCapableBeanFactory.java:1800)
	... 21 common frames omitted
Caused by: org.hibernate.loader.MultipleBagFetchException: cannot simultaneously fetch multiple bags: [com.difirton.transformdiag.db.entity.TransformerStatus.gasesOutOfLimit, com.difirton.transformdiag.db.entity.TransformerStatus.defineOilParameterDefects]
	at org.hibernate.loader.plan.exec.internal.AbstractLoadQueryDetails.generate(AbstractLoadQueryDetails.java:193)
	at org.hibernate.loader.plan.exec.internal.EntityLoadQueryDetails.<init>(EntityLoadQueryDetails.java:85)
	at org.hibernate.loader.plan.exec.internal.BatchingLoadQueryDetailsFactory.makeEntityLoadQueryDetails(BatchingLoadQueryDetailsFactory.java:64)
	at org.hibernate.loader.entity.plan.AbstractLoadPlanBasedEntityLoader.<init>(AbstractLoadPlanBasedEntityLoader.java:97)
	at org.hibernate.loader.entity.plan.AbstractLoadPlanBasedEntityLoader.<init>(AbstractLoadPlanBasedEntityLoader.java:112)
	at org.hibernate.loader.entity.plan.EntityLoader.<init>(EntityLoader.java:117)
	at org.hibernate.loader.entity.plan.EntityLoader.<init>(EntityLoader.java:30)
	at org.hibernate.loader.entity.plan.EntityLoader$Builder.byUniqueKey(EntityLoader.java:82)
	at org.hibernate.loader.entity.plan.EntityLoader$Builder.byPrimaryKey(EntityLoader.java:75)
	at org.hibernate.loader.entity.plan.AbstractBatchingEntityLoaderBuilder.buildNonBatchingLoader(AbstractBatchingEntityLoaderBuilder.java:30)
	at org.hibernate.loader.entity.BatchingEntityLoaderBuilder.buildLoader(BatchingEntityLoaderBuilder.java:61)
	at org.hibernate.persister.entity.AbstractEntityPersister.createEntityLoader(AbstractEntityPersister.java:2689)
	at org.hibernate.persister.entity.AbstractEntityPersister.createEntityLoader(AbstractEntityPersister.java:2711)
	at org.hibernate.persister.entity.AbstractEntityPersister.generateDelayedEntityLoader(AbstractEntityPersister.java:4464)
	at org.hibernate.internal.util.collections.LazyIndexedMap.lockedComputeIfAbsent(LazyIndexedMap.java:77)
	at org.hibernate.internal.util.collections.LazyIndexedMap.computeIfAbsent(LazyIndexedMap.java:63)
	at org.hibernate.persister.entity.EntityLoaderLazyCollection.getOrBuildByLockMode(EntityLoaderLazyCollection.java:34)
	at org.hibernate.persister.entity.AbstractEntityPersister.getLoaderByLockMode(AbstractEntityPersister.java:4455)
	at org.hibernate.persister.entity.AbstractEntityPersister.createLoaders(AbstractEntityPersister.java:4442)
	at org.hibernate.persister.entity.AbstractEntityPersister.postInstantiate(AbstractEntityPersister.java:4416)
	at org.hibernate.metamodel.internal.MetamodelImpl.initialize(MetamodelImpl.java:257)
	at org.hibernate.internal.SessionFactoryImpl.<init>(SessionFactoryImpl.java:319)
	at org.hibernate.boot.internal.SessionFactoryBuilderImpl.build(SessionFactoryBuilderImpl.java:471)
	at org.hibernate.jpa.boot.internal.EntityManagerFactoryBuilderImpl.build(EntityManagerFactoryBuilderImpl.java:1498)
	at org.springframework.orm.jpa.vendor.SpringHibernateJpaPersistenceProvider.createContainerEntityManagerFactory(SpringHibernateJpaPersistenceProvider.java:58)
	at org.springframework.orm.jpa.LocalContainerEntityManagerFactoryBean.createNativeEntityManagerFactory(LocalContainerEntityManagerFactoryBean.java:365)
	at org.springframework.orm.jpa.AbstractEntityManagerFactoryBean.buildNativeEntityManagerFactory(AbstractEntityManagerFactoryBean.java:409)
	... 25 common frames omitted
2022-08-25 00:01:30,459 INFO com.difirton.transformdiag.starter.TransformdiagApplication [restartedMain] Starting TransformdiagApplication using Java 17.0.4.1 on PC-Home with PID 13544 (C:\Users\Dmitriy Kruglov\dev\Transformdiag\target\classes started by Dmitriy Kruglov in C:\Users\Dmitriy Kruglov\dev\Transformdiag)
2022-08-25 00:01:30,462 DEBUG com.difirton.transformdiag.starter.TransformdiagApplication [restartedMain] Running with Spring Boot v2.7.2, Spring v5.3.22
2022-08-25 00:01:30,462 INFO com.difirton.transformdiag.starter.TransformdiagApplication [restartedMain] No active profile set, falling back to 1 default profile: "default"
2022-08-25 00:01:31,705 DEBUG org.springframework.web.servlet.resource.ResourceUrlEncodingFilter [restartedMain] Filter 'resourceUrlEncodingFilter' configured for use
2022-08-25 00:01:33,350 DEBUG org.springframework.web.servlet.mvc.method.annotation.RequestMappingHandlerAdapter [restartedMain] ControllerAdvice beans: 0 @ModelAttribute, 0 @InitBinder, 1 RequestBodyAdvice, 1 ResponseBodyAdvice
2022-08-25 00:01:33,425 DEBUG org.springframework.web.servlet.mvc.method.annotation.RequestMappingHandlerMapping [restartedMain] 32 mappings in 'requestMappingHandlerMapping'
2022-08-25 00:01:33,708 DEBUG org.springframework.web.servlet.handler.SimpleUrlHandlerMapping [restartedMain] Patterns [/webjars/**, /**, /swagger-ui*/**] in 'resourceHandlerMapping'
2022-08-25 00:01:33,714 DEBUG org.springframework.web.servlet.mvc.method.annotation.ExceptionHandlerExceptionResolver [restartedMain] ControllerAdvice beans: 1 @ExceptionHandler, 1 ResponseBodyAdvice
2022-08-25 00:01:33,882 INFO com.difirton.transformdiag.starter.TransformdiagApplication [restartedMain] Started TransformdiagApplication in 3.718 seconds (JVM running for 4.549)
2022-08-25 00:01:37,067 INFO org.springframework.web.servlet.DispatcherServlet [http-nio-8080-exec-2] Initializing Servlet 'dispatcherServlet'
2022-08-25 00:01:37,068 DEBUG org.springframework.web.servlet.DispatcherServlet [http-nio-8080-exec-2] Detected StandardServletMultipartResolver
2022-08-25 00:01:37,068 DEBUG org.springframework.web.servlet.DispatcherServlet [http-nio-8080-exec-2] Detected AcceptHeaderLocaleResolver
2022-08-25 00:01:37,068 DEBUG org.springframework.web.servlet.DispatcherServlet [http-nio-8080-exec-2] Detected FixedThemeResolver
2022-08-25 00:01:37,069 DEBUG org.springframework.web.servlet.DispatcherServlet [http-nio-8080-exec-2] Detected org.springframework.web.servlet.view.DefaultRequestToViewNameTranslator@6b28b3cb
2022-08-25 00:01:37,069 DEBUG org.springframework.web.servlet.DispatcherServlet [http-nio-8080-exec-2] Detected org.springframework.web.servlet.support.SessionFlashMapManager@e8b78c1
2022-08-25 00:01:37,069 DEBUG org.springframework.web.servlet.DispatcherServlet [http-nio-8080-exec-2] enableLoggingRequestDetails='false': request parameters and headers will be masked to prevent unsafe logging of potentially sensitive data
2022-08-25 00:01:37,070 INFO org.springframework.web.servlet.DispatcherServlet [http-nio-8080-exec-2] Completed initialization in 2 ms
2022-08-25 00:01:37,081 DEBUG org.springframework.web.servlet.DispatcherServlet [http-nio-8080-exec-2] GET "/v2/transformers/1/report", parameters={}
2022-08-25 00:01:37,093 DEBUG org.springframework.web.servlet.mvc.method.annotation.RequestMappingHandlerMapping [http-nio-8080-exec-2] Mapped to com.difirton.transformdiag.web.restcontroller.TransformerRestController#getTransformerReport(Long)
2022-08-25 00:01:37,313 DEBUG org.springframework.web.servlet.DispatcherServlet [http-nio-8080-exec-2] Failed to complete request: org.springframework.core.convert.ConversionFailedException: Failed to convert from type [com.difirton.transformdiag.db.entity.TransformerStatus] to type [com.difirton.transformdiag.web.dto.response.TransformerDefectResponseDto] for value 'TransformerStatus(id=1, gasesOutOfLimit=[], defineOilParameterDefects=[], defineDefect=NORMAL, isDamagedPaperInsulation=null, recommendedDaysBetweenOilSampling=180)'; nested exception is java.lang.NullPointerException: Cannot invoke "java.lang.Boolean.booleanValue()" because the return value of "com.difirton.transformdiag.db.entity.TransformerStatus.getIsDamagedPaperInsulation()" is null
2022-08-25 00:01:37,315 ERROR org.apache.catalina.core.ContainerBase.[Tomcat].[localhost].[/].[dispatcherServlet] [http-nio-8080-exec-2] Servlet.service() for servlet [dispatcherServlet] in context with path [] threw exception [Request processing failed; nested exception is org.springframework.core.convert.ConversionFailedException: Failed to convert from type [com.difirton.transformdiag.db.entity.TransformerStatus] to type [com.difirton.transformdiag.web.dto.response.TransformerDefectResponseDto] for value 'TransformerStatus(id=1, gasesOutOfLimit=[], defineOilParameterDefects=[], defineDefect=NORMAL, isDamagedPaperInsulation=null, recommendedDaysBetweenOilSampling=180)'; nested exception is java.lang.NullPointerException: Cannot invoke "java.lang.Boolean.booleanValue()" because the return value of "com.difirton.transformdiag.db.entity.TransformerStatus.getIsDamagedPaperInsulation()" is null] with root cause
java.lang.NullPointerException: Cannot invoke "java.lang.Boolean.booleanValue()" because the return value of "com.difirton.transformdiag.db.entity.TransformerStatus.getIsDamagedPaperInsulation()" is null
	at com.difirton.transformdiag.web.converter.TransformerDefectDtoToTransformerDefectResponseDtoConverter.convert(TransformerDefectDtoToTransformerDefectResponseDtoConverter.java:18)
	at com.difirton.transformdiag.web.converter.TransformerDefectDtoToTransformerDefectResponseDtoConverter.convert(TransformerDefectDtoToTransformerDefectResponseDtoConverter.java:8)
	at org.springframework.core.convert.support.GenericConversionService$ConverterAdapter.convert(GenericConversionService.java:386)
	at org.springframework.core.convert.support.ConversionUtils.invokeConverter(ConversionUtils.java:41)
	at org.springframework.core.convert.support.GenericConversionService.convert(GenericConversionService.java:192)
	at org.springframework.core.convert.support.GenericConversionService.convert(GenericConversionService.java:175)
	at com.difirton.transformdiag.web.restcontroller.TransformerRestController.getTransformerReport(TransformerRestController.java:69)
	at java.base/jdk.internal.reflect.NativeMethodAccessorImpl.invoke0(Native Method)
	at java.base/jdk.internal.reflect.NativeMethodAccessorImpl.invoke(NativeMethodAccessorImpl.java:77)
	at java.base/jdk.internal.reflect.DelegatingMethodAccessorImpl.invoke(DelegatingMethodAccessorImpl.java:43)
	at java.base/java.lang.reflect.Method.invoke(Method.java:568)
	at org.springframework.web.method.support.InvocableHandlerMethod.doInvoke(InvocableHandlerMethod.java:205)
	at org.springframework.web.method.support.InvocableHandlerMethod.invokeForRequest(InvocableHandlerMethod.java:150)
	at org.springframework.web.servlet.mvc.method.annotation.ServletInvocableHandlerMethod.invokeAndHandle(ServletInvocableHandlerMethod.java:117)
	at org.springframework.web.servlet.mvc.method.annotation.RequestMappingHandlerAdapter.invokeHandlerMethod(RequestMappingHandlerAdapter.java:895)
	at org.springframework.web.servlet.mvc.method.annotation.RequestMappingHandlerAdapter.handleInternal(RequestMappingHandlerAdapter.java:808)
	at org.springframework.web.servlet.mvc.method.AbstractHandlerMethodAdapter.handle(AbstractHandlerMethodAdapter.java:87)
	at org.springframework.web.servlet.DispatcherServlet.doDispatch(DispatcherServlet.java:1070)
	at org.springframework.web.servlet.DispatcherServlet.doService(DispatcherServlet.java:963)
	at org.springframework.web.servlet.FrameworkServlet.processRequest(FrameworkServlet.java:1006)
	at org.springframework.web.servlet.FrameworkServlet.doGet(FrameworkServlet.java:898)
	at javax.servlet.http.HttpServlet.service(HttpServlet.java:655)
	at org.springframework.web.servlet.FrameworkServlet.service(FrameworkServlet.java:883)
	at javax.servlet.http.HttpServlet.service(HttpServlet.java:764)
	at org.apache.catalina.core.ApplicationFilterChain.internalDoFilter(ApplicationFilterChain.java:227)
	at org.apache.catalina.core.ApplicationFilterChain.doFilter(ApplicationFilterChain.java:162)
	at org.apache.tomcat.websocket.server.WsFilter.doFilter(WsFilter.java:53)
	at org.apache.catalina.core.ApplicationFilterChain.internalDoFilter(ApplicationFilterChain.java:189)
	at org.apache.catalina.core.ApplicationFilterChain.doFilter(ApplicationFilterChain.java:162)
	at org.springframework.web.servlet.resource.ResourceUrlEncodingFilter.doFilter(ResourceUrlEncodingFilter.java:67)
	at org.apache.catalina.core.ApplicationFilterChain.internalDoFilter(ApplicationFilterChain.java:189)
	at org.apache.catalina.core.ApplicationFilterChain.doFilter(ApplicationFilterChain.java:162)
	at org.springframework.web.filter.RequestContextFilter.doFilterInternal(RequestContextFilter.java:100)
	at org.springframework.web.filter.OncePerRequestFilter.doFilter(OncePerRequestFilter.java:117)
	at org.apache.catalina.core.ApplicationFilterChain.internalDoFilter(ApplicationFilterChain.java:189)
	at org.apache.catalina.core.ApplicationFilterChain.doFilter(ApplicationFilterChain.java:162)
	at org.springframework.web.filter.FormContentFilter.doFilterInternal(FormContentFilter.java:93)
	at org.springframework.web.filter.OncePerRequestFilter.doFilter(OncePerRequestFilter.java:117)
	at org.apache.catalina.core.ApplicationFilterChain.internalDoFilter(ApplicationFilterChain.java:189)
	at org.apache.catalina.core.ApplicationFilterChain.doFilter(ApplicationFilterChain.java:162)
	at org.springframework.web.filter.HiddenHttpMethodFilter.doFilterInternal(HiddenHttpMethodFilter.java:94)
	at org.springframework.web.filter.OncePerRequestFilter.doFilter(OncePerRequestFilter.java:117)
	at org.apache.catalina.core.ApplicationFilterChain.internalDoFilter(ApplicationFilterChain.java:189)
	at org.apache.catalina.core.ApplicationFilterChain.doFilter(ApplicationFilterChain.java:162)
	at org.springframework.web.filter.CharacterEncodingFilter.doFilterInternal(CharacterEncodingFilter.java:201)
	at org.springframework.web.filter.OncePerRequestFilter.doFilter(OncePerRequestFilter.java:117)
	at org.apache.catalina.core.ApplicationFilterChain.internalDoFilter(ApplicationFilterChain.java:189)
	at org.apache.catalina.core.ApplicationFilterChain.doFilter(ApplicationFilterChain.java:162)
	at org.apache.catalina.core.StandardWrapperValve.invoke(StandardWrapperValve.java:197)
	at org.apache.catalina.core.StandardContextValve.invoke(StandardContextValve.java:97)
	at org.apache.catalina.authenticator.AuthenticatorBase.invoke(AuthenticatorBase.java:541)
	at org.apache.catalina.core.StandardHostValve.invoke(StandardHostValve.java:135)
	at org.apache.catalina.valves.ErrorReportValve.invoke(ErrorReportValve.java:92)
	at org.apache.catalina.core.StandardEngineValve.invoke(StandardEngineValve.java:78)
	at org.apache.catalina.connector.CoyoteAdapter.service(CoyoteAdapter.java:360)
	at org.apache.coyote.http11.Http11Processor.service(Http11Processor.java:399)
	at org.apache.coyote.AbstractProcessorLight.process(AbstractProcessorLight.java:65)
	at org.apache.coyote.AbstractProtocol$ConnectionHandler.process(AbstractProtocol.java:890)
	at org.apache.tomcat.util.net.NioEndpoint$SocketProcessor.doRun(NioEndpoint.java:1789)
	at org.apache.tomcat.util.net.SocketProcessorBase.run(SocketProcessorBase.java:49)
	at org.apache.tomcat.util.threads.ThreadPoolExecutor.runWorker(ThreadPoolExecutor.java:1191)
	at org.apache.tomcat.util.threads.ThreadPoolExecutor$Worker.run(ThreadPoolExecutor.java:659)
	at org.apache.tomcat.util.threads.TaskThread$WrappingRunnable.run(TaskThread.java:61)
	at java.base/java.lang.Thread.run(Thread.java:833)
2022-08-25 00:01:37,317 DEBUG org.springframework.web.servlet.DispatcherServlet [http-nio-8080-exec-2] "ERROR" dispatch for GET "/error", parameters={}
2022-08-25 00:01:37,318 DEBUG org.springframework.web.servlet.mvc.method.annotation.RequestMappingHandlerMapping [http-nio-8080-exec-2] Mapped to org.springframework.boot.autoconfigure.web.servlet.error.BasicErrorController#error(HttpServletRequest)
2022-08-25 00:01:37,333 DEBUG org.springframework.web.servlet.mvc.method.annotation.HttpEntityMethodProcessor [http-nio-8080-exec-2] Using 'application/json', given [*/*] and supported [application/json, application/*+json, application/json, application/*+json]
2022-08-25 00:01:37,335 DEBUG org.springframework.web.servlet.mvc.method.annotation.HttpEntityMethodProcessor [http-nio-8080-exec-2] Writing [{timestamp=Thu Aug 25 00:01:37 MSK 2022, status=500, error=Internal Server Error, trace=org.springfr (truncated)...]
2022-08-25 00:01:37,365 DEBUG org.springframework.web.servlet.DispatcherServlet [http-nio-8080-exec-2] Exiting from "ERROR" dispatch, status 500
2022-08-25 00:10:05,320 INFO com.difirton.transformdiag.starter.TransformdiagApplication [restartedMain] Starting TransformdiagApplication using Java 17.0.4.1 on PC-Home with PID 2036 (C:\Users\Dmitriy Kruglov\dev\Transformdiag\target\classes started by Dmitriy Kruglov in C:\Users\Dmitriy Kruglov\dev\Transformdiag)
2022-08-25 00:10:05,322 DEBUG com.difirton.transformdiag.starter.TransformdiagApplication [restartedMain] Running with Spring Boot v2.7.2, Spring v5.3.22
2022-08-25 00:10:05,323 INFO com.difirton.transformdiag.starter.TransformdiagApplication [restartedMain] No active profile set, falling back to 1 default profile: "default"
2022-08-25 00:10:06,514 DEBUG org.springframework.web.servlet.resource.ResourceUrlEncodingFilter [restartedMain] Filter 'resourceUrlEncodingFilter' configured for use
2022-08-25 00:10:08,171 DEBUG org.springframework.web.servlet.mvc.method.annotation.RequestMappingHandlerAdapter [restartedMain] ControllerAdvice beans: 0 @ModelAttribute, 0 @InitBinder, 1 RequestBodyAdvice, 1 ResponseBodyAdvice
2022-08-25 00:10:08,250 DEBUG org.springframework.web.servlet.mvc.method.annotation.RequestMappingHandlerMapping [restartedMain] 32 mappings in 'requestMappingHandlerMapping'
2022-08-25 00:10:08,542 DEBUG org.springframework.web.servlet.handler.SimpleUrlHandlerMapping [restartedMain] Patterns [/webjars/**, /**, /swagger-ui*/**] in 'resourceHandlerMapping'
2022-08-25 00:10:08,549 DEBUG org.springframework.web.servlet.mvc.method.annotation.ExceptionHandlerExceptionResolver [restartedMain] ControllerAdvice beans: 1 @ExceptionHandler, 1 ResponseBodyAdvice
2022-08-25 00:10:08,729 INFO com.difirton.transformdiag.starter.TransformdiagApplication [restartedMain] Started TransformdiagApplication in 3.675 seconds (JVM running for 4.31)
2022-08-25 00:10:12,043 INFO org.springframework.web.servlet.DispatcherServlet [http-nio-8080-exec-1] Initializing Servlet 'dispatcherServlet'
2022-08-25 00:10:12,044 DEBUG org.springframework.web.servlet.DispatcherServlet [http-nio-8080-exec-1] Detected StandardServletMultipartResolver
2022-08-25 00:10:12,044 DEBUG org.springframework.web.servlet.DispatcherServlet [http-nio-8080-exec-1] Detected AcceptHeaderLocaleResolver
2022-08-25 00:10:12,044 DEBUG org.springframework.web.servlet.DispatcherServlet [http-nio-8080-exec-1] Detected FixedThemeResolver
2022-08-25 00:10:12,045 DEBUG org.springframework.web.servlet.DispatcherServlet [http-nio-8080-exec-1] Detected org.springframework.web.servlet.view.DefaultRequestToViewNameTranslator@6f76545e
2022-08-25 00:10:12,045 DEBUG org.springframework.web.servlet.DispatcherServlet [http-nio-8080-exec-1] Detected org.springframework.web.servlet.support.SessionFlashMapManager@7baa2761
2022-08-25 00:10:12,045 DEBUG org.springframework.web.servlet.DispatcherServlet [http-nio-8080-exec-1] enableLoggingRequestDetails='false': request parameters and headers will be masked to prevent unsafe logging of potentially sensitive data
2022-08-25 00:10:12,045 INFO org.springframework.web.servlet.DispatcherServlet [http-nio-8080-exec-1] Completed initialization in 1 ms
2022-08-25 00:10:12,056 DEBUG org.springframework.web.servlet.DispatcherServlet [http-nio-8080-exec-1] GET "/v2/transformers/1/report", parameters={}
2022-08-25 00:10:12,061 DEBUG org.springframework.web.servlet.mvc.method.annotation.RequestMappingHandlerMapping [http-nio-8080-exec-1] Mapped to com.difirton.transformdiag.web.restcontroller.TransformerRestController#getTransformerReport(Long)
2022-08-25 00:10:12,268 DEBUG org.springframework.web.servlet.DispatcherServlet [http-nio-8080-exec-1] Failed to complete request: org.springframework.core.convert.ConversionFailedException: Failed to convert from type [com.difirton.transformdiag.db.entity.TransformerStatus] to type [com.difirton.transformdiag.web.dto.response.TransformerDefectResponseDto] for value 'TransformerStatus(id=1, gasesOutOfLimit=[], defineOilParameterDefects=[], defineDefect=NORMAL, isDamagedPaperInsulation=null, recommendedDaysBetweenOilSampling=180)'; nested exception is java.lang.NullPointerException: Cannot invoke "java.lang.Boolean.booleanValue()" because the return value of "com.difirton.transformdiag.db.entity.TransformerStatus.getIsDamagedPaperInsulation()" is null
2022-08-25 00:10:12,271 ERROR org.apache.catalina.core.ContainerBase.[Tomcat].[localhost].[/].[dispatcherServlet] [http-nio-8080-exec-1] Servlet.service() for servlet [dispatcherServlet] in context with path [] threw exception [Request processing failed; nested exception is org.springframework.core.convert.ConversionFailedException: Failed to convert from type [com.difirton.transformdiag.db.entity.TransformerStatus] to type [com.difirton.transformdiag.web.dto.response.TransformerDefectResponseDto] for value 'TransformerStatus(id=1, gasesOutOfLimit=[], defineOilParameterDefects=[], defineDefect=NORMAL, isDamagedPaperInsulation=null, recommendedDaysBetweenOilSampling=180)'; nested exception is java.lang.NullPointerException: Cannot invoke "java.lang.Boolean.booleanValue()" because the return value of "com.difirton.transformdiag.db.entity.TransformerStatus.getIsDamagedPaperInsulation()" is null] with root cause
java.lang.NullPointerException: Cannot invoke "java.lang.Boolean.booleanValue()" because the return value of "com.difirton.transformdiag.db.entity.TransformerStatus.getIsDamagedPaperInsulation()" is null
	at com.difirton.transformdiag.web.converter.TransformerDefectDtoToTransformerDefectResponseDtoConverter.convert(TransformerDefectDtoToTransformerDefectResponseDtoConverter.java:18)
	at com.difirton.transformdiag.web.converter.TransformerDefectDtoToTransformerDefectResponseDtoConverter.convert(TransformerDefectDtoToTransformerDefectResponseDtoConverter.java:8)
	at org.springframework.core.convert.support.GenericConversionService$ConverterAdapter.convert(GenericConversionService.java:386)
	at org.springframework.core.convert.support.ConversionUtils.invokeConverter(ConversionUtils.java:41)
	at org.springframework.core.convert.support.GenericConversionService.convert(GenericConversionService.java:192)
	at org.springframework.core.convert.support.GenericConversionService.convert(GenericConversionService.java:175)
	at com.difirton.transformdiag.web.restcontroller.TransformerRestController.getTransformerReport(TransformerRestController.java:69)
	at java.base/jdk.internal.reflect.NativeMethodAccessorImpl.invoke0(Native Method)
	at java.base/jdk.internal.reflect.NativeMethodAccessorImpl.invoke(NativeMethodAccessorImpl.java:77)
	at java.base/jdk.internal.reflect.DelegatingMethodAccessorImpl.invoke(DelegatingMethodAccessorImpl.java:43)
	at java.base/java.lang.reflect.Method.invoke(Method.java:568)
	at org.springframework.web.method.support.InvocableHandlerMethod.doInvoke(InvocableHandlerMethod.java:205)
	at org.springframework.web.method.support.InvocableHandlerMethod.invokeForRequest(InvocableHandlerMethod.java:150)
	at org.springframework.web.servlet.mvc.method.annotation.ServletInvocableHandlerMethod.invokeAndHandle(ServletInvocableHandlerMethod.java:117)
	at org.springframework.web.servlet.mvc.method.annotation.RequestMappingHandlerAdapter.invokeHandlerMethod(RequestMappingHandlerAdapter.java:895)
	at org.springframework.web.servlet.mvc.method.annotation.RequestMappingHandlerAdapter.handleInternal(RequestMappingHandlerAdapter.java:808)
	at org.springframework.web.servlet.mvc.method.AbstractHandlerMethodAdapter.handle(AbstractHandlerMethodAdapter.java:87)
	at org.springframework.web.servlet.DispatcherServlet.doDispatch(DispatcherServlet.java:1070)
	at org.springframework.web.servlet.DispatcherServlet.doService(DispatcherServlet.java:963)
	at org.springframework.web.servlet.FrameworkServlet.processRequest(FrameworkServlet.java:1006)
	at org.springframework.web.servlet.FrameworkServlet.doGet(FrameworkServlet.java:898)
	at javax.servlet.http.HttpServlet.service(HttpServlet.java:655)
	at org.springframework.web.servlet.FrameworkServlet.service(FrameworkServlet.java:883)
	at javax.servlet.http.HttpServlet.service(HttpServlet.java:764)
	at org.apache.catalina.core.ApplicationFilterChain.internalDoFilter(ApplicationFilterChain.java:227)
	at org.apache.catalina.core.ApplicationFilterChain.doFilter(ApplicationFilterChain.java:162)
	at org.apache.tomcat.websocket.server.WsFilter.doFilter(WsFilter.java:53)
	at org.apache.catalina.core.ApplicationFilterChain.internalDoFilter(ApplicationFilterChain.java:189)
	at org.apache.catalina.core.ApplicationFilterChain.doFilter(ApplicationFilterChain.java:162)
	at org.springframework.web.servlet.resource.ResourceUrlEncodingFilter.doFilter(ResourceUrlEncodingFilter.java:67)
	at org.apache.catalina.core.ApplicationFilterChain.internalDoFilter(ApplicationFilterChain.java:189)
	at org.apache.catalina.core.ApplicationFilterChain.doFilter(ApplicationFilterChain.java:162)
	at org.springframework.web.filter.RequestContextFilter.doFilterInternal(RequestContextFilter.java:100)
	at org.springframework.web.filter.OncePerRequestFilter.doFilter(OncePerRequestFilter.java:117)
	at org.apache.catalina.core.ApplicationFilterChain.internalDoFilter(ApplicationFilterChain.java:189)
	at org.apache.catalina.core.ApplicationFilterChain.doFilter(ApplicationFilterChain.java:162)
	at org.springframework.web.filter.FormContentFilter.doFilterInternal(FormContentFilter.java:93)
	at org.springframework.web.filter.OncePerRequestFilter.doFilter(OncePerRequestFilter.java:117)
	at org.apache.catalina.core.ApplicationFilterChain.internalDoFilter(ApplicationFilterChain.java:189)
	at org.apache.catalina.core.ApplicationFilterChain.doFilter(ApplicationFilterChain.java:162)
	at org.springframework.web.filter.HiddenHttpMethodFilter.doFilterInternal(HiddenHttpMethodFilter.java:94)
	at org.springframework.web.filter.OncePerRequestFilter.doFilter(OncePerRequestFilter.java:117)
	at org.apache.catalina.core.ApplicationFilterChain.internalDoFilter(ApplicationFilterChain.java:189)
	at org.apache.catalina.core.ApplicationFilterChain.doFilter(ApplicationFilterChain.java:162)
	at org.springframework.web.filter.CharacterEncodingFilter.doFilterInternal(CharacterEncodingFilter.java:201)
	at org.springframework.web.filter.OncePerRequestFilter.doFilter(OncePerRequestFilter.java:117)
	at org.apache.catalina.core.ApplicationFilterChain.internalDoFilter(ApplicationFilterChain.java:189)
	at org.apache.catalina.core.ApplicationFilterChain.doFilter(ApplicationFilterChain.java:162)
	at org.apache.catalina.core.StandardWrapperValve.invoke(StandardWrapperValve.java:197)
	at org.apache.catalina.core.StandardContextValve.invoke(StandardContextValve.java:97)
	at org.apache.catalina.authenticator.AuthenticatorBase.invoke(AuthenticatorBase.java:541)
	at org.apache.catalina.core.StandardHostValve.invoke(StandardHostValve.java:135)
	at org.apache.catalina.valves.ErrorReportValve.invoke(ErrorReportValve.java:92)
	at org.apache.catalina.core.StandardEngineValve.invoke(StandardEngineValve.java:78)
	at org.apache.catalina.connector.CoyoteAdapter.service(CoyoteAdapter.java:360)
	at org.apache.coyote.http11.Http11Processor.service(Http11Processor.java:399)
	at org.apache.coyote.AbstractProcessorLight.process(AbstractProcessorLight.java:65)
	at org.apache.coyote.AbstractProtocol$ConnectionHandler.process(AbstractProtocol.java:890)
	at org.apache.tomcat.util.net.NioEndpoint$SocketProcessor.doRun(NioEndpoint.java:1789)
	at org.apache.tomcat.util.net.SocketProcessorBase.run(SocketProcessorBase.java:49)
	at org.apache.tomcat.util.threads.ThreadPoolExecutor.runWorker(ThreadPoolExecutor.java:1191)
	at org.apache.tomcat.util.threads.ThreadPoolExecutor$Worker.run(ThreadPoolExecutor.java:659)
	at org.apache.tomcat.util.threads.TaskThread$WrappingRunnable.run(TaskThread.java:61)
	at java.base/java.lang.Thread.run(Thread.java:833)
2022-08-25 00:10:12,273 DEBUG org.springframework.web.servlet.DispatcherServlet [http-nio-8080-exec-1] "ERROR" dispatch for GET "/error", parameters={}
2022-08-25 00:10:12,274 DEBUG org.springframework.web.servlet.mvc.method.annotation.RequestMappingHandlerMapping [http-nio-8080-exec-1] Mapped to org.springframework.boot.autoconfigure.web.servlet.error.BasicErrorController#error(HttpServletRequest)
2022-08-25 00:10:12,291 DEBUG org.springframework.web.servlet.mvc.method.annotation.HttpEntityMethodProcessor [http-nio-8080-exec-1] Using 'application/json', given [*/*] and supported [application/json, application/*+json, application/json, application/*+json]
2022-08-25 00:10:12,291 DEBUG org.springframework.web.servlet.mvc.method.annotation.HttpEntityMethodProcessor [http-nio-8080-exec-1] Writing [{timestamp=Thu Aug 25 00:10:12 MSK 2022, status=500, error=Internal Server Error, trace=org.springfr (truncated)...]
2022-08-25 00:10:12,322 DEBUG org.springframework.web.servlet.DispatcherServlet [http-nio-8080-exec-1] Exiting from "ERROR" dispatch, status 500
2022-08-25 00:15:21,648 INFO com.difirton.transformdiag.starter.TransformdiagApplication [restartedMain] Starting TransformdiagApplication using Java 17.0.4.1 on PC-Home with PID 13052 (C:\Users\Dmitriy Kruglov\dev\Transformdiag\target\classes started by Dmitriy Kruglov in C:\Users\Dmitriy Kruglov\dev\Transformdiag)
2022-08-25 00:15:21,650 DEBUG com.difirton.transformdiag.starter.TransformdiagApplication [restartedMain] Running with Spring Boot v2.7.2, Spring v5.3.22
2022-08-25 00:15:21,651 INFO com.difirton.transformdiag.starter.TransformdiagApplication [restartedMain] No active profile set, falling back to 1 default profile: "default"
2022-08-25 00:15:22,976 DEBUG org.springframework.web.servlet.resource.ResourceUrlEncodingFilter [restartedMain] Filter 'resourceUrlEncodingFilter' configured for use
2022-08-25 00:15:23,691 ERROR org.springframework.orm.jpa.LocalContainerEntityManagerFactoryBean [restartedMain] Failed to initialize JPA EntityManagerFactory: Unable to find column with physical name transformer_id in table transformer_status
2022-08-25 00:15:23,765 ERROR org.springframework.boot.SpringApplication [restartedMain] Application run failed
org.springframework.beans.factory.BeanCreationException: Error creating bean with name 'entityManagerFactory' defined in class path resource [org/springframework/boot/autoconfigure/orm/jpa/HibernateJpaConfiguration.class]: Invocation of init method failed; nested exception is org.hibernate.MappingException: Unable to find column with physical name transformer_id in table transformer_status
	at org.springframework.beans.factory.support.AbstractAutowireCapableBeanFactory.initializeBean(AbstractAutowireCapableBeanFactory.java:1804)
	at org.springframework.beans.factory.support.AbstractAutowireCapableBeanFactory.doCreateBean(AbstractAutowireCapableBeanFactory.java:620)
	at org.springframework.beans.factory.support.AbstractAutowireCapableBeanFactory.createBean(AbstractAutowireCapableBeanFactory.java:542)
	at org.springframework.beans.factory.support.AbstractBeanFactory.lambda$doGetBean$0(AbstractBeanFactory.java:335)
	at org.springframework.beans.factory.support.DefaultSingletonBeanRegistry.getSingleton(DefaultSingletonBeanRegistry.java:234)
	at org.springframework.beans.factory.support.AbstractBeanFactory.doGetBean(AbstractBeanFactory.java:333)
	at org.springframework.beans.factory.support.AbstractBeanFactory.getBean(AbstractBeanFactory.java:208)
	at org.springframework.context.support.AbstractApplicationContext.getBean(AbstractApplicationContext.java:1154)
	at org.springframework.context.support.AbstractApplicationContext.finishBeanFactoryInitialization(AbstractApplicationContext.java:908)
	at org.springframework.context.support.AbstractApplicationContext.refresh(AbstractApplicationContext.java:583)
	at org.springframework.boot.web.servlet.context.ServletWebServerApplicationContext.refresh(ServletWebServerApplicationContext.java:147)
	at org.springframework.boot.SpringApplication.refresh(SpringApplication.java:734)
	at org.springframework.boot.SpringApplication.refreshContext(SpringApplication.java:408)
	at org.springframework.boot.SpringApplication.run(SpringApplication.java:308)
	at org.springframework.boot.SpringApplication.run(SpringApplication.java:1306)
	at org.springframework.boot.SpringApplication.run(SpringApplication.java:1295)
	at com.difirton.transformdiag.starter.TransformdiagApplication.main(TransformdiagApplication.java:16)
	at java.base/jdk.internal.reflect.NativeMethodAccessorImpl.invoke0(Native Method)
	at java.base/jdk.internal.reflect.NativeMethodAccessorImpl.invoke(NativeMethodAccessorImpl.java:77)
	at java.base/jdk.internal.reflect.DelegatingMethodAccessorImpl.invoke(DelegatingMethodAccessorImpl.java:43)
	at java.base/java.lang.reflect.Method.invoke(Method.java:568)
	at org.springframework.boot.devtools.restart.RestartLauncher.run(RestartLauncher.java:49)
Caused by: org.hibernate.MappingException: Unable to find column with physical name transformer_id in table transformer_status
	at org.hibernate.boot.internal.InFlightMetadataCollectorImpl.getLogicalColumnName(InFlightMetadataCollectorImpl.java:1050)
	at org.hibernate.boot.internal.InFlightMetadataCollectorImpl.getLogicalColumnName(InFlightMetadataCollectorImpl.java:1020)
	at org.hibernate.cfg.Ejb3JoinColumn.linkValueUsingDefaultColumnNaming(Ejb3JoinColumn.java:474)
	at org.hibernate.cfg.annotations.TableBinder.bindFk(TableBinder.java:592)
	at org.hibernate.cfg.annotations.CollectionBinder.bindCollectionSecondPass(CollectionBinder.java:1757)
	at org.hibernate.cfg.annotations.CollectionBinder.bindManyToManySecondPass(CollectionBinder.java:1475)
	at org.hibernate.cfg.annotations.CollectionBinder.bindStarToManySecondPass(CollectionBinder.java:901)
	at org.hibernate.cfg.annotations.CollectionBinder$1.secondPass(CollectionBinder.java:826)
	at org.hibernate.cfg.CollectionSecondPass.doSecondPass(CollectionSecondPass.java:54)
	at org.hibernate.boot.internal.InFlightMetadataCollectorImpl.processSecondPasses(InFlightMetadataCollectorImpl.java:1653)
	at org.hibernate.boot.internal.InFlightMetadataCollectorImpl.processSecondPasses(InFlightMetadataCollectorImpl.java:1629)
	at org.hibernate.boot.model.process.spi.MetadataBuildingProcess.complete(MetadataBuildingProcess.java:295)
	at org.hibernate.jpa.boot.internal.EntityManagerFactoryBuilderImpl.metadata(EntityManagerFactoryBuilderImpl.java:1460)
	at org.hibernate.jpa.boot.internal.EntityManagerFactoryBuilderImpl.build(EntityManagerFactoryBuilderImpl.java:1494)
	at org.springframework.orm.jpa.vendor.SpringHibernateJpaPersistenceProvider.createContainerEntityManagerFactory(SpringHibernateJpaPersistenceProvider.java:58)
	at org.springframework.orm.jpa.LocalContainerEntityManagerFactoryBean.createNativeEntityManagerFactory(LocalContainerEntityManagerFactoryBean.java:365)
	at org.springframework.orm.jpa.AbstractEntityManagerFactoryBean.buildNativeEntityManagerFactory(AbstractEntityManagerFactoryBean.java:409)
	at org.springframework.orm.jpa.AbstractEntityManagerFactoryBean.afterPropertiesSet(AbstractEntityManagerFactoryBean.java:396)
	at org.springframework.orm.jpa.LocalContainerEntityManagerFactoryBean.afterPropertiesSet(LocalContainerEntityManagerFactoryBean.java:341)
	at org.springframework.beans.factory.support.AbstractAutowireCapableBeanFactory.invokeInitMethods(AbstractAutowireCapableBeanFactory.java:1863)
	at org.springframework.beans.factory.support.AbstractAutowireCapableBeanFactory.initializeBean(AbstractAutowireCapableBeanFactory.java:1800)
	... 21 common frames omitted
2022-08-25 00:16:12,376 INFO com.difirton.transformdiag.starter.TransformdiagApplication [restartedMain] Starting TransformdiagApplication using Java 17.0.4.1 on PC-Home with PID 16212 (C:\Users\Dmitriy Kruglov\dev\Transformdiag\target\classes started by Dmitriy Kruglov in C:\Users\Dmitriy Kruglov\dev\Transformdiag)
2022-08-25 00:16:12,378 DEBUG com.difirton.transformdiag.starter.TransformdiagApplication [restartedMain] Running with Spring Boot v2.7.2, Spring v5.3.22
2022-08-25 00:16:12,378 INFO com.difirton.transformdiag.starter.TransformdiagApplication [restartedMain] No active profile set, falling back to 1 default profile: "default"
2022-08-25 00:16:13,586 DEBUG org.springframework.web.servlet.resource.ResourceUrlEncodingFilter [restartedMain] Filter 'resourceUrlEncodingFilter' configured for use
2022-08-25 00:16:15,266 DEBUG org.springframework.web.servlet.mvc.method.annotation.RequestMappingHandlerAdapter [restartedMain] ControllerAdvice beans: 0 @ModelAttribute, 0 @InitBinder, 1 RequestBodyAdvice, 1 ResponseBodyAdvice
2022-08-25 00:16:15,342 DEBUG org.springframework.web.servlet.mvc.method.annotation.RequestMappingHandlerMapping [restartedMain] 32 mappings in 'requestMappingHandlerMapping'
2022-08-25 00:16:15,657 DEBUG org.springframework.web.servlet.handler.SimpleUrlHandlerMapping [restartedMain] Patterns [/webjars/**, /**, /swagger-ui*/**] in 'resourceHandlerMapping'
2022-08-25 00:16:15,665 DEBUG org.springframework.web.servlet.mvc.method.annotation.ExceptionHandlerExceptionResolver [restartedMain] ControllerAdvice beans: 1 @ExceptionHandler, 1 ResponseBodyAdvice
2022-08-25 00:16:15,834 INFO com.difirton.transformdiag.starter.TransformdiagApplication [restartedMain] Started TransformdiagApplication in 3.755 seconds (JVM running for 4.497)
2022-08-25 00:22:10,388 INFO com.difirton.transformdiag.starter.TransformdiagApplication [restartedMain] Starting TransformdiagApplication using Java 17.0.4.1 on PC-Home with PID 6332 (C:\Users\Dmitriy Kruglov\dev\Transformdiag\target\classes started by Dmitriy Kruglov in C:\Users\Dmitriy Kruglov\dev\Transformdiag)
2022-08-25 00:22:10,391 DEBUG com.difirton.transformdiag.starter.TransformdiagApplication [restartedMain] Running with Spring Boot v2.7.2, Spring v5.3.22
2022-08-25 00:22:10,391 INFO com.difirton.transformdiag.starter.TransformdiagApplication [restartedMain] No active profile set, falling back to 1 default profile: "default"
2022-08-25 00:22:11,699 DEBUG org.springframework.web.servlet.resource.ResourceUrlEncodingFilter [restartedMain] Filter 'resourceUrlEncodingFilter' configured for use
2022-08-25 00:22:12,409 ERROR org.springframework.orm.jpa.LocalContainerEntityManagerFactoryBean [restartedMain] Failed to initialize JPA EntityManagerFactory: Unknown mappedBy in: com.difirton.transformdiag.db.entity.Transformer.transformerStatus, referenced property unknown: com.difirton.transformdiag.db.entity.TransformerStatus.transformer
2022-08-25 00:22:12,610 ERROR org.springframework.boot.SpringApplication [restartedMain] Application run failed
org.springframework.beans.factory.BeanCreationException: Error creating bean with name 'entityManagerFactory' defined in class path resource [org/springframework/boot/autoconfigure/orm/jpa/HibernateJpaConfiguration.class]: Invocation of init method failed; nested exception is org.hibernate.AnnotationException: Unknown mappedBy in: com.difirton.transformdiag.db.entity.Transformer.transformerStatus, referenced property unknown: com.difirton.transformdiag.db.entity.TransformerStatus.transformer
	at org.springframework.beans.factory.support.AbstractAutowireCapableBeanFactory.initializeBean(AbstractAutowireCapableBeanFactory.java:1804)
	at org.springframework.beans.factory.support.AbstractAutowireCapableBeanFactory.doCreateBean(AbstractAutowireCapableBeanFactory.java:620)
	at org.springframework.beans.factory.support.AbstractAutowireCapableBeanFactory.createBean(AbstractAutowireCapableBeanFactory.java:542)
	at org.springframework.beans.factory.support.AbstractBeanFactory.lambda$doGetBean$0(AbstractBeanFactory.java:335)
	at org.springframework.beans.factory.support.DefaultSingletonBeanRegistry.getSingleton(DefaultSingletonBeanRegistry.java:234)
	at org.springframework.beans.factory.support.AbstractBeanFactory.doGetBean(AbstractBeanFactory.java:333)
	at org.springframework.beans.factory.support.AbstractBeanFactory.getBean(AbstractBeanFactory.java:208)
	at org.springframework.context.support.AbstractApplicationContext.getBean(AbstractApplicationContext.java:1154)
	at org.springframework.context.support.AbstractApplicationContext.finishBeanFactoryInitialization(AbstractApplicationContext.java:908)
	at org.springframework.context.support.AbstractApplicationContext.refresh(AbstractApplicationContext.java:583)
	at org.springframework.boot.web.servlet.context.ServletWebServerApplicationContext.refresh(ServletWebServerApplicationContext.java:147)
	at org.springframework.boot.SpringApplication.refresh(SpringApplication.java:734)
	at org.springframework.boot.SpringApplication.refreshContext(SpringApplication.java:408)
	at org.springframework.boot.SpringApplication.run(SpringApplication.java:308)
	at org.springframework.boot.SpringApplication.run(SpringApplication.java:1306)
	at org.springframework.boot.SpringApplication.run(SpringApplication.java:1295)
	at com.difirton.transformdiag.starter.TransformdiagApplication.main(TransformdiagApplication.java:16)
	at java.base/jdk.internal.reflect.NativeMethodAccessorImpl.invoke0(Native Method)
	at java.base/jdk.internal.reflect.NativeMethodAccessorImpl.invoke(NativeMethodAccessorImpl.java:77)
	at java.base/jdk.internal.reflect.DelegatingMethodAccessorImpl.invoke(DelegatingMethodAccessorImpl.java:43)
	at java.base/java.lang.reflect.Method.invoke(Method.java:568)
	at org.springframework.boot.devtools.restart.RestartLauncher.run(RestartLauncher.java:49)
Caused by: org.hibernate.AnnotationException: Unknown mappedBy in: com.difirton.transformdiag.db.entity.Transformer.transformerStatus, referenced property unknown: com.difirton.transformdiag.db.entity.TransformerStatus.transformer
	at org.hibernate.cfg.OneToOneSecondPass.doSecondPass(OneToOneSecondPass.java:170)
	at org.hibernate.boot.internal.InFlightMetadataCollectorImpl.processSecondPasses(InFlightMetadataCollectorImpl.java:1653)
	at org.hibernate.boot.internal.InFlightMetadataCollectorImpl.processSecondPasses(InFlightMetadataCollectorImpl.java:1629)
	at org.hibernate.boot.model.process.spi.MetadataBuildingProcess.complete(MetadataBuildingProcess.java:295)
	at org.hibernate.jpa.boot.internal.EntityManagerFactoryBuilderImpl.metadata(EntityManagerFactoryBuilderImpl.java:1460)
	at org.hibernate.jpa.boot.internal.EntityManagerFactoryBuilderImpl.build(EntityManagerFactoryBuilderImpl.java:1494)
	at org.springframework.orm.jpa.vendor.SpringHibernateJpaPersistenceProvider.createContainerEntityManagerFactory(SpringHibernateJpaPersistenceProvider.java:58)
	at org.springframework.orm.jpa.LocalContainerEntityManagerFactoryBean.createNativeEntityManagerFactory(LocalContainerEntityManagerFactoryBean.java:365)
	at org.springframework.orm.jpa.AbstractEntityManagerFactoryBean.buildNativeEntityManagerFactory(AbstractEntityManagerFactoryBean.java:409)
	at org.springframework.orm.jpa.AbstractEntityManagerFactoryBean.afterPropertiesSet(AbstractEntityManagerFactoryBean.java:396)
	at org.springframework.orm.jpa.LocalContainerEntityManagerFactoryBean.afterPropertiesSet(LocalContainerEntityManagerFactoryBean.java:341)
	at org.springframework.beans.factory.support.AbstractAutowireCapableBeanFactory.invokeInitMethods(AbstractAutowireCapableBeanFactory.java:1863)
	at org.springframework.beans.factory.support.AbstractAutowireCapableBeanFactory.initializeBean(AbstractAutowireCapableBeanFactory.java:1800)
	... 21 common frames omitted
2022-08-25 00:23:02,594 INFO com.difirton.transformdiag.starter.TransformdiagApplication [restartedMain] Starting TransformdiagApplication using Java 17.0.4.1 on PC-Home with PID 4952 (C:\Users\Dmitriy Kruglov\dev\Transformdiag\target\classes started by Dmitriy Kruglov in C:\Users\Dmitriy Kruglov\dev\Transformdiag)
2022-08-25 00:23:02,596 DEBUG com.difirton.transformdiag.starter.TransformdiagApplication [restartedMain] Running with Spring Boot v2.7.2, Spring v5.3.22
2022-08-25 00:23:02,597 INFO com.difirton.transformdiag.starter.TransformdiagApplication [restartedMain] No active profile set, falling back to 1 default profile: "default"
2022-08-25 00:23:03,921 DEBUG org.springframework.web.servlet.resource.ResourceUrlEncodingFilter [restartedMain] Filter 'resourceUrlEncodingFilter' configured for use
2022-08-25 00:23:05,624 DEBUG org.springframework.web.servlet.mvc.method.annotation.RequestMappingHandlerAdapter [restartedMain] ControllerAdvice beans: 0 @ModelAttribute, 0 @InitBinder, 1 RequestBodyAdvice, 1 ResponseBodyAdvice
2022-08-25 00:23:05,707 DEBUG org.springframework.web.servlet.mvc.method.annotation.RequestMappingHandlerMapping [restartedMain] 32 mappings in 'requestMappingHandlerMapping'
2022-08-25 00:23:05,986 DEBUG org.springframework.web.servlet.handler.SimpleUrlHandlerMapping [restartedMain] Patterns [/webjars/**, /**, /swagger-ui*/**] in 'resourceHandlerMapping'
2022-08-25 00:23:05,992 DEBUG org.springframework.web.servlet.mvc.method.annotation.ExceptionHandlerExceptionResolver [restartedMain] ControllerAdvice beans: 1 @ExceptionHandler, 1 ResponseBodyAdvice
2022-08-25 00:23:06,156 INFO com.difirton.transformdiag.starter.TransformdiagApplication [restartedMain] Started TransformdiagApplication in 3.826 seconds (JVM running for 4.461)
2022-08-25 00:24:06,906 INFO com.difirton.transformdiag.starter.TransformdiagApplication [restartedMain] Starting TransformdiagApplication using Java 17.0.4.1 on PC-Home with PID 900 (C:\Users\Dmitriy Kruglov\dev\Transformdiag\target\classes started by Dmitriy Kruglov in C:\Users\Dmitriy Kruglov\dev\Transformdiag)
2022-08-25 00:24:06,908 DEBUG com.difirton.transformdiag.starter.TransformdiagApplication [restartedMain] Running with Spring Boot v2.7.2, Spring v5.3.22
2022-08-25 00:24:06,909 INFO com.difirton.transformdiag.starter.TransformdiagApplication [restartedMain] No active profile set, falling back to 1 default profile: "default"
2022-08-25 00:24:08,194 DEBUG org.springframework.web.servlet.resource.ResourceUrlEncodingFilter [restartedMain] Filter 'resourceUrlEncodingFilter' configured for use
2022-08-25 00:24:09,845 DEBUG org.springframework.web.servlet.mvc.method.annotation.RequestMappingHandlerAdapter [restartedMain] ControllerAdvice beans: 0 @ModelAttribute, 0 @InitBinder, 1 RequestBodyAdvice, 1 ResponseBodyAdvice
2022-08-25 00:24:09,920 DEBUG org.springframework.web.servlet.mvc.method.annotation.RequestMappingHandlerMapping [restartedMain] 32 mappings in 'requestMappingHandlerMapping'
2022-08-25 00:24:10,258 DEBUG org.springframework.web.servlet.handler.SimpleUrlHandlerMapping [restartedMain] Patterns [/webjars/**, /**, /swagger-ui*/**] in 'resourceHandlerMapping'
2022-08-25 00:24:10,265 DEBUG org.springframework.web.servlet.mvc.method.annotation.ExceptionHandlerExceptionResolver [restartedMain] ControllerAdvice beans: 1 @ExceptionHandler, 1 ResponseBodyAdvice
2022-08-25 00:24:10,432 INFO com.difirton.transformdiag.starter.TransformdiagApplication [restartedMain] Started TransformdiagApplication in 3.804 seconds (JVM running for 4.44)
2022-08-25 00:26:03,136 INFO com.difirton.transformdiag.starter.TransformdiagApplication [restartedMain] Starting TransformdiagApplication using Java 17.0.4.1 on PC-Home with PID 8736 (C:\Users\Dmitriy Kruglov\dev\Transformdiag\target\classes started by Dmitriy Kruglov in C:\Users\Dmitriy Kruglov\dev\Transformdiag)
2022-08-25 00:26:03,139 DEBUG com.difirton.transformdiag.starter.TransformdiagApplication [restartedMain] Running with Spring Boot v2.7.2, Spring v5.3.22
2022-08-25 00:26:03,139 INFO com.difirton.transformdiag.starter.TransformdiagApplication [restartedMain] No active profile set, falling back to 1 default profile: "default"
2022-08-25 00:26:04,382 DEBUG org.springframework.web.servlet.resource.ResourceUrlEncodingFilter [restartedMain] Filter 'resourceUrlEncodingFilter' configured for use
2022-08-25 00:26:06,129 DEBUG org.springframework.web.servlet.mvc.method.annotation.RequestMappingHandlerAdapter [restartedMain] ControllerAdvice beans: 0 @ModelAttribute, 0 @InitBinder, 1 RequestBodyAdvice, 1 ResponseBodyAdvice
2022-08-25 00:26:06,204 DEBUG org.springframework.web.servlet.mvc.method.annotation.RequestMappingHandlerMapping [restartedMain] 32 mappings in 'requestMappingHandlerMapping'
2022-08-25 00:26:06,496 DEBUG org.springframework.web.servlet.handler.SimpleUrlHandlerMapping [restartedMain] Patterns [/webjars/**, /**, /swagger-ui*/**] in 'resourceHandlerMapping'
2022-08-25 00:26:06,502 DEBUG org.springframework.web.servlet.mvc.method.annotation.ExceptionHandlerExceptionResolver [restartedMain] ControllerAdvice beans: 1 @ExceptionHandler, 1 ResponseBodyAdvice
2022-08-25 00:26:06,682 INFO com.difirton.transformdiag.starter.TransformdiagApplication [restartedMain] Started TransformdiagApplication in 3.814 seconds (JVM running for 4.437)
2022-08-25 00:27:07,138 INFO com.difirton.transformdiag.starter.TransformdiagApplication [restartedMain] Starting TransformdiagApplication using Java 17.0.4.1 on PC-Home with PID 12008 (C:\Users\Dmitriy Kruglov\dev\Transformdiag\target\classes started by Dmitriy Kruglov in C:\Users\Dmitriy Kruglov\dev\Transformdiag)
2022-08-25 00:27:07,139 DEBUG com.difirton.transformdiag.starter.TransformdiagApplication [restartedMain] Running with Spring Boot v2.7.2, Spring v5.3.22
2022-08-25 00:27:07,140 INFO com.difirton.transformdiag.starter.TransformdiagApplication [restartedMain] No active profile set, falling back to 1 default profile: "default"
2022-08-25 00:27:08,369 DEBUG org.springframework.web.servlet.resource.ResourceUrlEncodingFilter [restartedMain] Filter 'resourceUrlEncodingFilter' configured for use
2022-08-25 00:27:10,076 DEBUG org.springframework.web.servlet.mvc.method.annotation.RequestMappingHandlerAdapter [restartedMain] ControllerAdvice beans: 0 @ModelAttribute, 0 @InitBinder, 1 RequestBodyAdvice, 1 ResponseBodyAdvice
2022-08-25 00:27:10,156 DEBUG org.springframework.web.servlet.mvc.method.annotation.RequestMappingHandlerMapping [restartedMain] 32 mappings in 'requestMappingHandlerMapping'
2022-08-25 00:27:10,438 DEBUG org.springframework.web.servlet.handler.SimpleUrlHandlerMapping [restartedMain] Patterns [/webjars/**, /**, /swagger-ui*/**] in 'resourceHandlerMapping'
2022-08-25 00:27:10,444 DEBUG org.springframework.web.servlet.mvc.method.annotation.ExceptionHandlerExceptionResolver [restartedMain] ControllerAdvice beans: 1 @ExceptionHandler, 1 ResponseBodyAdvice
2022-08-25 00:27:10,608 INFO com.difirton.transformdiag.starter.TransformdiagApplication [restartedMain] Started TransformdiagApplication in 3.732 seconds (JVM running for 4.327)
