2022-08-08 17:07:00,296 INFO com.difirton.transformdiag.starter.TransformdiagApplication [restartedMain] Starting TransformdiagApplication using Java 18.0.1.1 on DESKTOP-HI4448S with PID 3636 (C:\Users\Dmitriy\dev\Transformdiag\target\classes started by Dmitriy in C:\Users\Dmitriy\dev\Transformdiag)
2022-08-08 17:07:00,302 DEBUG com.difirton.transformdiag.starter.TransformdiagApplication [restartedMain] Running with Spring Boot v2.7.2, Spring v5.3.22
2022-08-08 17:07:00,303 INFO com.difirton.transformdiag.starter.TransformdiagApplication [restartedMain] No active profile set, falling back to 1 default profile: "default"
2022-08-08 17:07:02,098 DEBUG org.springframework.web.servlet.resource.ResourceUrlEncodingFilter [restartedMain] Filter 'resourceUrlEncodingFilter' configured for use
2022-08-08 17:07:04,027 DEBUG org.springframework.web.servlet.mvc.method.annotation.RequestMappingHandlerAdapter [restartedMain] ControllerAdvice beans: 0 @ModelAttribute, 0 @InitBinder, 1 RequestBodyAdvice, 1 ResponseBodyAdvice
2022-08-08 17:07:04,118 DEBUG org.springframework.web.servlet.mvc.method.annotation.RequestMappingHandlerMapping [restartedMain] 28 mappings in 'requestMappingHandlerMapping'
2022-08-08 17:07:04,447 DEBUG org.springframework.web.servlet.handler.SimpleUrlHandlerMapping [restartedMain] Patterns [/webjars/**, /**, /swagger-ui*/**] in 'resourceHandlerMapping'
2022-08-08 17:07:04,454 DEBUG org.springframework.web.servlet.mvc.method.annotation.ExceptionHandlerExceptionResolver [restartedMain] ControllerAdvice beans: 1 @ExceptionHandler, 1 ResponseBodyAdvice
2022-08-08 17:07:04,669 INFO com.difirton.transformdiag.starter.TransformdiagApplication [restartedMain] Started TransformdiagApplication in 4.801 seconds (JVM running for 5.652)
2022-08-08 17:07:10,996 INFO org.springframework.web.servlet.DispatcherServlet [http-nio-8080-exec-1] Initializing Servlet 'dispatcherServlet'
2022-08-08 17:07:10,997 DEBUG org.springframework.web.servlet.DispatcherServlet [http-nio-8080-exec-1] Detected StandardServletMultipartResolver
2022-08-08 17:07:10,997 DEBUG org.springframework.web.servlet.DispatcherServlet [http-nio-8080-exec-1] Detected AcceptHeaderLocaleResolver
2022-08-08 17:07:10,997 DEBUG org.springframework.web.servlet.DispatcherServlet [http-nio-8080-exec-1] Detected FixedThemeResolver
2022-08-08 17:07:10,998 DEBUG org.springframework.web.servlet.DispatcherServlet [http-nio-8080-exec-1] Detected org.springframework.web.servlet.view.DefaultRequestToViewNameTranslator@7712d5
2022-08-08 17:07:10,999 DEBUG org.springframework.web.servlet.DispatcherServlet [http-nio-8080-exec-1] Detected org.springframework.web.servlet.support.SessionFlashMapManager@6bf2b65e
2022-08-08 17:07:10,999 DEBUG org.springframework.web.servlet.DispatcherServlet [http-nio-8080-exec-1] enableLoggingRequestDetails='false': request parameters and headers will be masked to prevent unsafe logging of potentially sensitive data
2022-08-08 17:07:11,000 INFO org.springframework.web.servlet.DispatcherServlet [http-nio-8080-exec-1] Completed initialization in 4 ms
2022-08-08 17:07:11,022 DEBUG org.springframework.web.servlet.DispatcherServlet [http-nio-8080-exec-1] POST "/new/transformers", parameters={}
2022-08-08 17:07:11,032 DEBUG org.springframework.web.servlet.mvc.method.annotation.RequestMappingHandlerMapping [http-nio-8080-exec-1] Mapped to com.difirton.transformdiag.web.restcontroller.TransformerRestController#newTransformer(Transformer)
2022-08-08 17:07:11,132 DEBUG org.springframework.web.servlet.mvc.method.annotation.RequestResponseBodyMethodProcessor [http-nio-8080-exec-1] Read "application/json;charset=UTF-8" to [Transformer(id=null, KKS=8234, type=88432, factoryNumber=8243)]
2022-08-08 17:07:11,218 DEBUG org.springframework.web.servlet.DispatcherServlet [http-nio-8080-exec-1] Failed to complete request: org.springframework.dao.InvalidDataAccessApiUsageException: detached entity passed to persist: com.difirton.transformdiag.db.entity.TransformerCharacteristics; nested exception is org.hibernate.PersistentObjectException: detached entity passed to persist: com.difirton.transformdiag.db.entity.TransformerCharacteristics
2022-08-08 17:07:11,223 ERROR org.apache.catalina.core.ContainerBase.[Tomcat].[localhost].[/].[dispatcherServlet] [http-nio-8080-exec-1] Servlet.service() for servlet [dispatcherServlet] in context with path [] threw exception [Request processing failed; nested exception is org.springframework.dao.InvalidDataAccessApiUsageException: detached entity passed to persist: com.difirton.transformdiag.db.entity.TransformerCharacteristics; nested exception is org.hibernate.PersistentObjectException: detached entity passed to persist: com.difirton.transformdiag.db.entity.TransformerCharacteristics] with root cause
org.hibernate.PersistentObjectException: detached entity passed to persist: com.difirton.transformdiag.db.entity.TransformerCharacteristics
	at org.hibernate.event.internal.DefaultPersistEventListener.onPersist(DefaultPersistEventListener.java:120)
	at org.hibernate.event.service.internal.EventListenerGroupImpl.fireEventOnEachListener(EventListenerGroupImpl.java:118)
	at org.hibernate.internal.SessionImpl.firePersist(SessionImpl.java:780)
	at org.hibernate.internal.SessionImpl.persist(SessionImpl.java:748)
	at org.hibernate.engine.spi.CascadingActions$7.cascade(CascadingActions.java:298)
	at org.hibernate.engine.internal.Cascade.cascadeToOne(Cascade.java:510)
	at org.hibernate.engine.internal.Cascade.cascadeAssociation(Cascade.java:434)
	at org.hibernate.engine.internal.Cascade.cascadeProperty(Cascade.java:220)
	at org.hibernate.engine.internal.Cascade.cascade(Cascade.java:153)
	at org.hibernate.event.internal.AbstractSaveEventListener.cascadeAfterSave(AbstractSaveEventListener.java:459)
	at org.hibernate.event.internal.AbstractSaveEventListener.performSaveOrReplicate(AbstractSaveEventListener.java:293)
	at org.hibernate.event.internal.AbstractSaveEventListener.performSave(AbstractSaveEventListener.java:193)
	at org.hibernate.event.internal.AbstractSaveEventListener.saveWithGeneratedId(AbstractSaveEventListener.java:123)
	at org.hibernate.event.internal.DefaultPersistEventListener.entityIsTransient(DefaultPersistEventListener.java:185)
	at org.hibernate.event.internal.DefaultPersistEventListener.onPersist(DefaultPersistEventListener.java:128)
	at org.hibernate.event.internal.DefaultPersistEventListener.onPersist(DefaultPersistEventListener.java:55)
	at org.hibernate.event.service.internal.EventListenerGroupImpl.fireEventOnEachListener(EventListenerGroupImpl.java:107)
	at org.hibernate.internal.SessionImpl.firePersist(SessionImpl.java:756)
	at org.hibernate.internal.SessionImpl.persist(SessionImpl.java:742)
	at java.base/jdk.internal.reflect.DirectMethodHandleAccessor.invoke(DirectMethodHandleAccessor.java:104)
	at java.base/java.lang.reflect.Method.invoke(Method.java:577)
	at org.springframework.orm.jpa.SharedEntityManagerCreator$SharedEntityManagerInvocationHandler.invoke(SharedEntityManagerCreator.java:311)
	at jdk.proxy4/jdk.proxy4.$Proxy119.persist(Unknown Source)
	at org.springframework.data.jpa.repository.support.SimpleJpaRepository.save(SimpleJpaRepository.java:666)
	at java.base/jdk.internal.reflect.DirectMethodHandleAccessor.invoke(DirectMethodHandleAccessor.java:104)
	at java.base/java.lang.reflect.Method.invoke(Method.java:577)
	at org.springframework.data.repository.core.support.RepositoryMethodInvoker$RepositoryFragmentMethodInvoker.lambda$new$0(RepositoryMethodInvoker.java:289)
	at org.springframework.data.repository.core.support.RepositoryMethodInvoker.doInvoke(RepositoryMethodInvoker.java:137)
	at org.springframework.data.repository.core.support.RepositoryMethodInvoker.invoke(RepositoryMethodInvoker.java:121)
	at org.springframework.data.repository.core.support.RepositoryComposition$RepositoryFragments.invoke(RepositoryComposition.java:530)
	at org.springframework.data.repository.core.support.RepositoryComposition.invoke(RepositoryComposition.java:286)
	at org.springframework.data.repository.core.support.RepositoryFactorySupport$ImplementationMethodExecutionInterceptor.invoke(RepositoryFactorySupport.java:640)
	at org.springframework.aop.framework.ReflectiveMethodInvocation.proceed(ReflectiveMethodInvocation.java:186)
	at org.springframework.data.repository.core.support.QueryExecutorMethodInterceptor.doInvoke(QueryExecutorMethodInterceptor.java:164)
	at org.springframework.data.repository.core.support.QueryExecutorMethodInterceptor.invoke(QueryExecutorMethodInterceptor.java:139)
	at org.springframework.aop.framework.ReflectiveMethodInvocation.proceed(ReflectiveMethodInvocation.java:186)
	at org.springframework.data.projection.DefaultMethodInvokingMethodInterceptor.invoke(DefaultMethodInvokingMethodInterceptor.java:81)
	at org.springframework.aop.framework.ReflectiveMethodInvocation.proceed(ReflectiveMethodInvocation.java:186)
	at org.springframework.transaction.interceptor.TransactionInterceptor$1.proceedWithInvocation(TransactionInterceptor.java:123)
	at org.springframework.transaction.interceptor.TransactionAspectSupport.invokeWithinTransaction(TransactionAspectSupport.java:388)
	at org.springframework.transaction.interceptor.TransactionInterceptor.invoke(TransactionInterceptor.java:119)
	at org.springframework.aop.framework.ReflectiveMethodInvocation.proceed(ReflectiveMethodInvocation.java:186)
	at org.springframework.dao.support.PersistenceExceptionTranslationInterceptor.invoke(PersistenceExceptionTranslationInterceptor.java:137)
	at org.springframework.aop.framework.ReflectiveMethodInvocation.proceed(ReflectiveMethodInvocation.java:186)
	at org.springframework.data.jpa.repository.support.CrudMethodMetadataPostProcessor$CrudMethodMetadataPopulatingMethodInterceptor.invoke(CrudMethodMetadataPostProcessor.java:174)
	at org.springframework.aop.framework.ReflectiveMethodInvocation.proceed(ReflectiveMethodInvocation.java:186)
	at org.springframework.aop.interceptor.ExposeInvocationInterceptor.invoke(ExposeInvocationInterceptor.java:97)
	at org.springframework.aop.framework.ReflectiveMethodInvocation.proceed(ReflectiveMethodInvocation.java:186)
	at org.springframework.aop.framework.JdkDynamicAopProxy.invoke(JdkDynamicAopProxy.java:215)
	at jdk.proxy4/jdk.proxy4.$Proxy127.save(Unknown Source)
	at com.difirton.transformdiag.service.TransformerService.saveTransformer(TransformerService.java:50)
	at com.difirton.transformdiag.web.restcontroller.TransformerRestController.newTransformer(TransformerRestController.java:33)
	at java.base/jdk.internal.reflect.DirectMethodHandleAccessor.invoke(DirectMethodHandleAccessor.java:104)
	at java.base/java.lang.reflect.Method.invoke(Method.java:577)
	at org.springframework.web.method.support.InvocableHandlerMethod.doInvoke(InvocableHandlerMethod.java:205)
	at org.springframework.web.method.support.InvocableHandlerMethod.invokeForRequest(InvocableHandlerMethod.java:150)
	at org.springframework.web.servlet.mvc.method.annotation.ServletInvocableHandlerMethod.invokeAndHandle(ServletInvocableHandlerMethod.java:117)
	at org.springframework.web.servlet.mvc.method.annotation.RequestMappingHandlerAdapter.invokeHandlerMethod(RequestMappingHandlerAdapter.java:895)
	at org.springframework.web.servlet.mvc.method.annotation.RequestMappingHandlerAdapter.handleInternal(RequestMappingHandlerAdapter.java:808)
	at org.springframework.web.servlet.mvc.method.AbstractHandlerMethodAdapter.handle(AbstractHandlerMethodAdapter.java:87)
	at org.springframework.web.servlet.DispatcherServlet.doDispatch(DispatcherServlet.java:1070)
	at org.springframework.web.servlet.DispatcherServlet.doService(DispatcherServlet.java:963)
	at org.springframework.web.servlet.FrameworkServlet.processRequest(FrameworkServlet.java:1006)
	at org.springframework.web.servlet.FrameworkServlet.doPost(FrameworkServlet.java:909)
	at javax.servlet.http.HttpServlet.service(HttpServlet.java:681)
	at org.springframework.web.servlet.FrameworkServlet.service(FrameworkServlet.java:883)
	at javax.servlet.http.HttpServlet.service(HttpServlet.java:764)
	at org.apache.catalina.core.ApplicationFilterChain.internalDoFilter(ApplicationFilterChain.java:227)
	at org.apache.catalina.core.ApplicationFilterChain.doFilter(ApplicationFilterChain.java:162)
	at org.apache.tomcat.websocket.server.WsFilter.doFilter(WsFilter.java:53)
	at org.apache.catalina.core.ApplicationFilterChain.internalDoFilter(ApplicationFilterChain.java:189)
	at org.apache.catalina.core.ApplicationFilterChain.doFilter(ApplicationFilterChain.java:162)
	at org.springframework.web.servlet.resource.ResourceUrlEncodingFilter.doFilter(ResourceUrlEncodingFilter.java:67)
	at org.apache.catalina.core.ApplicationFilterChain.internalDoFilter(ApplicationFilterChain.java:189)
	at org.apache.catalina.core.ApplicationFilterChain.doFilter(ApplicationFilterChain.java:162)
	at org.springframework.web.filter.RequestContextFilter.doFilterInternal(RequestContextFilter.java:100)
	at org.springframework.web.filter.OncePerRequestFilter.doFilter(OncePerRequestFilter.java:117)
	at org.apache.catalina.core.ApplicationFilterChain.internalDoFilter(ApplicationFilterChain.java:189)
	at org.apache.catalina.core.ApplicationFilterChain.doFilter(ApplicationFilterChain.java:162)
	at org.springframework.web.filter.FormContentFilter.doFilterInternal(FormContentFilter.java:93)
	at org.springframework.web.filter.OncePerRequestFilter.doFilter(OncePerRequestFilter.java:117)
	at org.apache.catalina.core.ApplicationFilterChain.internalDoFilter(ApplicationFilterChain.java:189)
	at org.apache.catalina.core.ApplicationFilterChain.doFilter(ApplicationFilterChain.java:162)
	at org.springframework.web.filter.HiddenHttpMethodFilter.doFilterInternal(HiddenHttpMethodFilter.java:94)
	at org.springframework.web.filter.OncePerRequestFilter.doFilter(OncePerRequestFilter.java:117)
	at org.apache.catalina.core.ApplicationFilterChain.internalDoFilter(ApplicationFilterChain.java:189)
	at org.apache.catalina.core.ApplicationFilterChain.doFilter(ApplicationFilterChain.java:162)
	at org.springframework.web.filter.CharacterEncodingFilter.doFilterInternal(CharacterEncodingFilter.java:201)
	at org.springframework.web.filter.OncePerRequestFilter.doFilter(OncePerRequestFilter.java:117)
	at org.apache.catalina.core.ApplicationFilterChain.internalDoFilter(ApplicationFilterChain.java:189)
	at org.apache.catalina.core.ApplicationFilterChain.doFilter(ApplicationFilterChain.java:162)
	at org.apache.catalina.core.StandardWrapperValve.invoke(StandardWrapperValve.java:197)
	at org.apache.catalina.core.StandardContextValve.invoke(StandardContextValve.java:97)
	at org.apache.catalina.authenticator.AuthenticatorBase.invoke(AuthenticatorBase.java:541)
	at org.apache.catalina.core.StandardHostValve.invoke(StandardHostValve.java:135)
	at org.apache.catalina.valves.ErrorReportValve.invoke(ErrorReportValve.java:92)
	at org.apache.catalina.core.StandardEngineValve.invoke(StandardEngineValve.java:78)
	at org.apache.catalina.connector.CoyoteAdapter.service(CoyoteAdapter.java:360)
	at org.apache.coyote.http11.Http11Processor.service(Http11Processor.java:399)
	at org.apache.coyote.AbstractProcessorLight.process(AbstractProcessorLight.java:65)
	at org.apache.coyote.AbstractProtocol$ConnectionHandler.process(AbstractProtocol.java:890)
	at org.apache.tomcat.util.net.NioEndpoint$SocketProcessor.doRun(NioEndpoint.java:1789)
	at org.apache.tomcat.util.net.SocketProcessorBase.run(SocketProcessorBase.java:49)
	at org.apache.tomcat.util.threads.ThreadPoolExecutor.runWorker(ThreadPoolExecutor.java:1191)
	at org.apache.tomcat.util.threads.ThreadPoolExecutor$Worker.run(ThreadPoolExecutor.java:659)
	at org.apache.tomcat.util.threads.TaskThread$WrappingRunnable.run(TaskThread.java:61)
	at java.base/java.lang.Thread.run(Thread.java:833)
2022-08-08 17:07:11,237 DEBUG org.springframework.web.servlet.DispatcherServlet [http-nio-8080-exec-1] "ERROR" dispatch for POST "/error", parameters={}
2022-08-08 17:07:11,240 DEBUG org.springframework.web.servlet.mvc.method.annotation.RequestMappingHandlerMapping [http-nio-8080-exec-1] Mapped to org.springframework.boot.autoconfigure.web.servlet.error.BasicErrorController#error(HttpServletRequest)
2022-08-08 17:07:11,270 DEBUG org.springframework.web.servlet.mvc.method.annotation.HttpEntityMethodProcessor [http-nio-8080-exec-1] Using 'application/json', given [*/*] and supported [application/json, application/*+json, application/json, application/*+json]
2022-08-08 17:07:11,275 DEBUG org.springframework.web.servlet.mvc.method.annotation.HttpEntityMethodProcessor [http-nio-8080-exec-1] Writing [{timestamp=Mon Aug 08 17:07:11 MSK 2022, status=500, error=Internal Server Error, trace=org.springfr (truncated)...]
2022-08-08 17:07:11,298 DEBUG org.springframework.web.servlet.DispatcherServlet [http-nio-8080-exec-1] Exiting from "ERROR" dispatch, status 500
2022-08-08 17:09:08,985 INFO com.difirton.transformdiag.starter.TransformdiagApplication [restartedMain] Starting TransformdiagApplication using Java 18.0.1.1 on DESKTOP-HI4448S with PID 12216 (C:\Users\Dmitriy\dev\Transformdiag\target\classes started by Dmitriy in C:\Users\Dmitriy\dev\Transformdiag)
2022-08-08 17:09:08,987 DEBUG com.difirton.transformdiag.starter.TransformdiagApplication [restartedMain] Running with Spring Boot v2.7.2, Spring v5.3.22
2022-08-08 17:09:08,988 INFO com.difirton.transformdiag.starter.TransformdiagApplication [restartedMain] No active profile set, falling back to 1 default profile: "default"
2022-08-08 17:09:10,577 DEBUG org.springframework.web.servlet.resource.ResourceUrlEncodingFilter [restartedMain] Filter 'resourceUrlEncodingFilter' configured for use
2022-08-08 17:09:12,933 DEBUG org.springframework.web.servlet.mvc.method.annotation.RequestMappingHandlerAdapter [restartedMain] ControllerAdvice beans: 0 @ModelAttribute, 0 @InitBinder, 1 RequestBodyAdvice, 1 ResponseBodyAdvice
2022-08-08 17:09:13,066 DEBUG org.springframework.web.servlet.mvc.method.annotation.RequestMappingHandlerMapping [restartedMain] 28 mappings in 'requestMappingHandlerMapping'
2022-08-08 17:09:13,485 DEBUG org.springframework.web.servlet.handler.SimpleUrlHandlerMapping [restartedMain] Patterns [/webjars/**, /**, /swagger-ui*/**] in 'resourceHandlerMapping'
2022-08-08 17:09:13,493 DEBUG org.springframework.web.servlet.mvc.method.annotation.ExceptionHandlerExceptionResolver [restartedMain] ControllerAdvice beans: 1 @ExceptionHandler, 1 ResponseBodyAdvice
2022-08-08 17:09:13,691 INFO com.difirton.transformdiag.starter.TransformdiagApplication [restartedMain] Started TransformdiagApplication in 5.112 seconds (JVM running for 5.983)
2022-08-08 17:09:23,363 INFO com.difirton.transformdiag.starter.TransformdiagApplication [restartedMain] Starting TransformdiagApplication using Java 18.0.1.1 on DESKTOP-HI4448S with PID 8908 (C:\Users\Dmitriy\dev\Transformdiag\target\classes started by Dmitriy in C:\Users\Dmitriy\dev\Transformdiag)
2022-08-08 17:09:23,365 DEBUG com.difirton.transformdiag.starter.TransformdiagApplication [restartedMain] Running with Spring Boot v2.7.2, Spring v5.3.22
2022-08-08 17:09:23,366 INFO com.difirton.transformdiag.starter.TransformdiagApplication [restartedMain] No active profile set, falling back to 1 default profile: "default"
2022-08-08 17:09:24,920 DEBUG org.springframework.web.servlet.resource.ResourceUrlEncodingFilter [restartedMain] Filter 'resourceUrlEncodingFilter' configured for use
2022-08-08 17:09:27,666 DEBUG org.springframework.web.servlet.mvc.method.annotation.RequestMappingHandlerAdapter [restartedMain] ControllerAdvice beans: 0 @ModelAttribute, 0 @InitBinder, 1 RequestBodyAdvice, 1 ResponseBodyAdvice
2022-08-08 17:09:27,765 DEBUG org.springframework.web.servlet.mvc.method.annotation.RequestMappingHandlerMapping [restartedMain] 28 mappings in 'requestMappingHandlerMapping'
2022-08-08 17:09:28,136 DEBUG org.springframework.web.servlet.handler.SimpleUrlHandlerMapping [restartedMain] Patterns [/webjars/**, /**, /swagger-ui*/**] in 'resourceHandlerMapping'
2022-08-08 17:09:28,144 DEBUG org.springframework.web.servlet.mvc.method.annotation.ExceptionHandlerExceptionResolver [restartedMain] ControllerAdvice beans: 1 @ExceptionHandler, 1 ResponseBodyAdvice
2022-08-08 17:09:28,401 INFO com.difirton.transformdiag.starter.TransformdiagApplication [restartedMain] Started TransformdiagApplication in 5.342 seconds (JVM running for 6.178)
2022-08-08 17:09:31,999 INFO org.springframework.web.servlet.DispatcherServlet [http-nio-8080-exec-3] Initializing Servlet 'dispatcherServlet'
2022-08-08 17:09:31,999 DEBUG org.springframework.web.servlet.DispatcherServlet [http-nio-8080-exec-3] Detected StandardServletMultipartResolver
2022-08-08 17:09:31,999 DEBUG org.springframework.web.servlet.DispatcherServlet [http-nio-8080-exec-3] Detected AcceptHeaderLocaleResolver
2022-08-08 17:09:32,001 DEBUG org.springframework.web.servlet.DispatcherServlet [http-nio-8080-exec-3] Detected FixedThemeResolver
2022-08-08 17:09:32,006 DEBUG org.springframework.web.servlet.DispatcherServlet [http-nio-8080-exec-3] Detected org.springframework.web.servlet.view.DefaultRequestToViewNameTranslator@15954cd1
2022-08-08 17:09:32,006 DEBUG org.springframework.web.servlet.DispatcherServlet [http-nio-8080-exec-3] Detected org.springframework.web.servlet.support.SessionFlashMapManager@6540eae8
2022-08-08 17:09:32,007 DEBUG org.springframework.web.servlet.DispatcherServlet [http-nio-8080-exec-3] enableLoggingRequestDetails='false': request parameters and headers will be masked to prevent unsafe logging of potentially sensitive data
2022-08-08 17:09:32,007 INFO org.springframework.web.servlet.DispatcherServlet [http-nio-8080-exec-3] Completed initialization in 8 ms
2022-08-08 17:09:32,025 DEBUG org.springframework.web.servlet.DispatcherServlet [http-nio-8080-exec-3] POST "/new/transformers", parameters={}
2022-08-08 17:09:32,037 DEBUG org.springframework.web.servlet.mvc.method.annotation.RequestMappingHandlerMapping [http-nio-8080-exec-3] Mapped to com.difirton.transformdiag.web.restcontroller.TransformerRestController#newTransformer(Transformer)
2022-08-08 17:09:32,139 DEBUG org.springframework.web.servlet.mvc.method.annotation.RequestResponseBodyMethodProcessor [http-nio-8080-exec-3] Read "application/json;charset=UTF-8" to [Transformer(id=null, KKS=8234, type=88432, factoryNumber=8243)]
2022-08-08 17:09:32,250 DEBUG org.springframework.web.servlet.mvc.method.annotation.RequestResponseBodyMethodProcessor [http-nio-8080-exec-3] Using 'application/json', given [*/*] and supported [application/json]
2022-08-08 17:09:32,281 DEBUG org.springframework.web.servlet.mvc.method.annotation.RequestResponseBodyMethodProcessor [http-nio-8080-exec-3] Writing [Transformer(id=3, KKS=8234, type=88432, factoryNumber=8243)]
2022-08-08 17:09:32,316 DEBUG org.springframework.web.servlet.DispatcherServlet [http-nio-8080-exec-3] Completed 200 OK
